2021-01-27T20:26:09+00:00 CRITICAL Uncaught Error: Cannot use object of type WP_Error as array in C:\laragon\www\new4eversea\wp-content\themes\trendytravel-child\functions.php:110
Stack trace:
#0 C:\laragon\www\new4eversea\wp-includes\class-wp-hook.php(289): wm_divesite_post_link('http://localhos...', Object(WP_Post), false)
#1 C:\laragon\www\new4eversea\wp-includes\plugin.php(212): WP_Hook->apply_filters('http://localhos...', Array)
#2 C:\laragon\www\new4eversea\wp-includes\link-template.php(318): apply_filters('post_type_link', 'http://localhos...', Object(WP_Post), false, false)
#3 C:\laragon\www\new4eversea\wp-includes\link-template.php(149): get_post_permalink(Object(WP_Post), false, false)
#4 C:\laragon\www\new4eversea\wp-includes\nav-menu.php(839): get_permalink(Object(WP_Post))
#5 [internal function]: wp_setup_nav_menu_item(Object(WP_Post))
#6 C:\laragon\www\new4eversea\wp-includes\nav-menu.php(748): array_map('wp_setup_nav_me...', Array)
#7 C:\laragon\www\new4eversea\wp-includes\nav-menu-template.php(151): wp_get_nav_menu_items(Object in C:\laragon\www\new4eversea\wp-content\themes\trendytravel-child\functions.php on line 110

2021-01-27T20:26:31+00:00 CRITICAL Uncaught Error: Cannot use object of type WP_Error as array in C:\laragon\www\new4eversea\wp-content\themes\trendytravel-child\functions.php:110
Stack trace:
#0 C:\laragon\www\new4eversea\wp-includes\class-wp-hook.php(289): wm_divesite_post_link('http://localhos...', Object(WP_Post), false)
#1 C:\laragon\www\new4eversea\wp-includes\plugin.php(212): WP_Hook->apply_filters('http://localhos...', Array)
#2 C:\laragon\www\new4eversea\wp-includes\link-template.php(318): apply_filters('post_type_link', 'http://localhos...', Object(WP_Post), false, false)
#3 C:\laragon\www\new4eversea\wp-includes\link-template.php(149): get_post_permalink(Object(WP_Post), false, false)
#4 C:\laragon\www\new4eversea\wp-admin\includes\class-wp-posts-list-table.php(1403): get_permalink(Object(WP_Post))
#5 C:\laragon\www\new4eversea\wp-admin\includes\class-wp-posts-list-table.php(964): WP_Posts_List_Table->handle_row_actions(Object(WP_Post), 'title', 'title')
#6 C:\laragon\www\new4eversea\wp-admin\includes\class-wp-list-table.php(1430):  in C:\laragon\www\new4eversea\wp-content\themes\trendytravel-child\functions.php on line 110

2021-01-27T20:27:01+00:00 CRITICAL Uncaught Error: Cannot use object of type WP_Error as array in C:\laragon\www\new4eversea\wp-content\themes\trendytravel-child\functions.php:110
Stack trace:
#0 C:\laragon\www\new4eversea\wp-includes\class-wp-hook.php(289): wm_divesite_post_link('http://localhos...', Object(WP_Post), false)
#1 C:\laragon\www\new4eversea\wp-includes\plugin.php(212): WP_Hook->apply_filters('http://localhos...', Array)
#2 C:\laragon\www\new4eversea\wp-includes\link-template.php(318): apply_filters('post_type_link', 'http://localhos...', Object(WP_Post), false, false)
#3 C:\laragon\www\new4eversea\wp-includes\link-template.php(149): get_post_permalink(Object(WP_Post), false, false)
#4 C:\laragon\www\new4eversea\wp-includes\post.php(4154): get_permalink(Object(WP_Post))
#5 C:\laragon\www\new4eversea\wp-admin\includes\post.php(690): wp_insert_post(Array, false, false)
#6 C:\laragon\www\new4eversea\wp-admin\post-new.php(66): get_default_post_to_edit('dive_sites', true)
#7 {main}
  thrown in C:\laragon\www\new4eversea\wp-content\themes\trendytravel-child\functions.php on line 110

2021-01-27T20:27:57+00:00 CRITICAL Uncaught Error: Cannot use object of type WP_Error as array in C:\laragon\www\new4eversea\wp-content\themes\trendytravel-child\functions.php:110
Stack trace:
#0 C:\laragon\www\new4eversea\wp-includes\class-wp-hook.php(289): wm_divesite_post_link('http://localhos...', Object(WP_Post), false)
#1 C:\laragon\www\new4eversea\wp-includes\plugin.php(212): WP_Hook->apply_filters('http://localhos...', Array)
#2 C:\laragon\www\new4eversea\wp-includes\link-template.php(318): apply_filters('post_type_link', 'http://localhos...', Object(WP_Post), false, false)
#3 C:\laragon\www\new4eversea\wp-includes\link-template.php(149): get_post_permalink(Object(WP_Post), false, false)
#4 C:\laragon\www\new4eversea\wp-includes\post.php(4154): get_permalink(Object(WP_Post))
#5 C:\laragon\www\new4eversea\wp-admin\includes\post.php(690): wp_insert_post(Array, false, false)
#6 C:\laragon\www\new4eversea\wp-admin\post-new.php(66): get_default_post_to_edit('dive_sites', true)
#7 {main}
  thrown in C:\laragon\www\new4eversea\wp-content\themes\trendytravel-child\functions.php on line 110

2021-01-27T20:28:09+00:00 CRITICAL Uncaught Error: Cannot use object of type WP_Error as array in C:\laragon\www\new4eversea\wp-content\themes\trendytravel-child\functions.php:110
Stack trace:
#0 C:\laragon\www\new4eversea\wp-includes\class-wp-hook.php(289): wm_divesite_post_link('http://localhos...', Object(WP_Post), false)
#1 C:\laragon\www\new4eversea\wp-includes\plugin.php(212): WP_Hook->apply_filters('http://localhos...', Array)
#2 C:\laragon\www\new4eversea\wp-includes\link-template.php(318): apply_filters('post_type_link', 'http://localhos...', Object(WP_Post), false, false)
#3 C:\laragon\www\new4eversea\wp-includes\link-template.php(149): get_post_permalink(Object(WP_Post), false, false)
#4 C:\laragon\www\new4eversea\wp-includes\post.php(4154): get_permalink(Object(WP_Post))
#5 C:\laragon\www\new4eversea\wp-admin\includes\post.php(690): wp_insert_post(Array, false, false)
#6 C:\laragon\www\new4eversea\wp-admin\post-new.php(66): get_default_post_to_edit('dive_sites', true)
#7 {main}
  thrown in C:\laragon\www\new4eversea\wp-content\themes\trendytravel-child\functions.php on line 110

2021-01-27T20:40:43+00:00 CRITICAL Uncaught Error: Cannot use object of type WP_Error as array in C:\laragon\www\new4eversea\wp-content\themes\trendytravel-child\functions.php:110
Stack trace:
#0 C:\laragon\www\new4eversea\wp-includes\class-wp-hook.php(289): wpa_divesite_post_link('http://localhos...', Object(WP_Post), false)
#1 C:\laragon\www\new4eversea\wp-includes\plugin.php(212): WP_Hook->apply_filters('http://localhos...', Array)
#2 C:\laragon\www\new4eversea\wp-includes\link-template.php(318): apply_filters('post_type_link', 'http://localhos...', Object(WP_Post), false, false)
#3 C:\laragon\www\new4eversea\wp-includes\link-template.php(149): get_post_permalink(Object(WP_Post), false, false)
#4 C:\laragon\www\new4eversea\wp-includes\post.php(4154): get_permalink(Object(WP_Post))
#5 C:\laragon\www\new4eversea\wp-admin\includes\post.php(690): wp_insert_post(Array, false, false)
#6 C:\laragon\www\new4eversea\wp-admin\post-new.php(66): get_default_post_to_edit('all_dive_sites', true)
#7 {main}
  thrown in C:\laragon\www\new4eversea\wp-content\themes\trendytravel-child\functions.php on line 110

2021-01-27T20:42:54+00:00 CRITICAL Uncaught Error: Cannot use object of type WP_Error as array in C:\laragon\www\new4eversea\wp-content\themes\trendytravel-child\functions.php:110
Stack trace:
#0 C:\laragon\www\new4eversea\wp-includes\class-wp-hook.php(289): wpa_divesite_post_link('http://localhos...', Object(WP_Post), false)
#1 C:\laragon\www\new4eversea\wp-includes\plugin.php(212): WP_Hook->apply_filters('http://localhos...', Array)
#2 C:\laragon\www\new4eversea\wp-includes\link-template.php(318): apply_filters('post_type_link', 'http://localhos...', Object(WP_Post), false, false)
#3 C:\laragon\www\new4eversea\wp-includes\link-template.php(149): get_post_permalink(Object(WP_Post), false, false)
#4 C:\laragon\www\new4eversea\wp-includes\post.php(4154): get_permalink(Object(WP_Post))
#5 C:\laragon\www\new4eversea\wp-admin\includes\post.php(690): wp_insert_post(Array, false, false)
#6 C:\laragon\www\new4eversea\wp-admin\post-new.php(66): get_default_post_to_edit('all_dive_sites', true)
#7 {main}
  thrown in C:\laragon\www\new4eversea\wp-content\themes\trendytravel-child\functions.php on line 110

2021-01-27T20:42:58+00:00 CRITICAL Uncaught Error: Cannot use object of type WP_Error as array in C:\laragon\www\new4eversea\wp-content\themes\trendytravel-child\functions.php:110
Stack trace:
#0 C:\laragon\www\new4eversea\wp-includes\class-wp-hook.php(289): wpa_divesite_post_link('http://localhos...', Object(WP_Post), false)
#1 C:\laragon\www\new4eversea\wp-includes\plugin.php(212): WP_Hook->apply_filters('http://localhos...', Array)
#2 C:\laragon\www\new4eversea\wp-includes\link-template.php(318): apply_filters('post_type_link', 'http://localhos...', Object(WP_Post), false, false)
#3 C:\laragon\www\new4eversea\wp-includes\link-template.php(149): get_post_permalink(Object(WP_Post), false, false)
#4 C:\laragon\www\new4eversea\wp-includes\post.php(4154): get_permalink(Object(WP_Post))
#5 C:\laragon\www\new4eversea\wp-admin\includes\post.php(690): wp_insert_post(Array, false, false)
#6 C:\laragon\www\new4eversea\wp-admin\post-new.php(66): get_default_post_to_edit('all_dive_sites', true)
#7 {main}
  thrown in C:\laragon\www\new4eversea\wp-content\themes\trendytravel-child\functions.php on line 110

