2021-02-07T07:45:35+00:00 CRITICAL syntax error, unexpected ''tax_query'' (T_CONSTANT_ENCAPSED_STRING), expecting ')' in C:\laragon\www\new4eversea\wp-content\themes\trendytravel\taxonomy-trips-category.php on line 37

2021-02-07T07:56:14+00:00 CRITICAL Uncaught Error: Call to undefined function m_explode() in C:\laragon\www\new4eversea\wp-content\themes\trendytravel\taxonomy-trips-category.php:41
Stack trace:
#0 C:\laragon\www\new4eversea\wp-includes\template-loader.php(106): include()
#1 C:\laragon\www\new4eversea\wp-blog-header.php(19): require_once('C:\\laragon\\www\\...')
#2 C:\laragon\www\new4eversea\index.php(17): require('C:\\laragon\\www\\...')
#3 {main}
  thrown in C:\laragon\www\new4eversea\wp-content\themes\trendytravel\taxonomy-trips-category.php on line 41

2021-02-07T07:56:48+00:00 CRITICAL Uncaught Error: Call to undefined function m_explode() in C:\laragon\www\new4eversea\wp-content\themes\trendytravel\taxonomy-trips-category.php:41
Stack trace:
#0 C:\laragon\www\new4eversea\wp-includes\template-loader.php(106): include()
#1 C:\laragon\www\new4eversea\wp-blog-header.php(19): require_once('C:\\laragon\\www\\...')
#2 C:\laragon\www\new4eversea\index.php(17): require('C:\\laragon\\www\\...')
#3 {main}
  thrown in C:\laragon\www\new4eversea\wp-content\themes\trendytravel\taxonomy-trips-category.php on line 41

2021-02-07T07:57:07+00:00 CRITICAL Uncaught Error: Call to undefined function m_explode() in C:\laragon\www\new4eversea\wp-content\themes\trendytravel\taxonomy-trips-category.php:41
Stack trace:
#0 C:\laragon\www\new4eversea\wp-includes\template-loader.php(106): include()
#1 C:\laragon\www\new4eversea\wp-blog-header.php(19): require_once('C:\\laragon\\www\\...')
#2 C:\laragon\www\new4eversea\index.php(17): require('C:\\laragon\\www\\...')
#3 {main}
  thrown in C:\laragon\www\new4eversea\wp-content\themes\trendytravel\taxonomy-trips-category.php on line 41

2021-02-07T07:57:19+00:00 CRITICAL Uncaught Error: Call to undefined function m_explode() in C:\laragon\www\new4eversea\wp-content\themes\trendytravel\taxonomy-trips-category.php:41
Stack trace:
#0 C:\laragon\www\new4eversea\wp-includes\template-loader.php(106): include()
#1 C:\laragon\www\new4eversea\wp-blog-header.php(19): require_once('C:\\laragon\\www\\...')
#2 C:\laragon\www\new4eversea\index.php(17): require('C:\\laragon\\www\\...')
#3 {main}
  thrown in C:\laragon\www\new4eversea\wp-content\themes\trendytravel\taxonomy-trips-category.php on line 41

2021-02-07T11:31:17+00:00 CRITICAL syntax error, unexpected ';' in C:\laragon\www\new4eversea\wp-content\themes\trendytravel-child\functions.php on line 222

